<?xml version="1.0" encoding="UTF-8"?>
<!-- Generated by org.testng.reporters.JUnitReportReporter -->
<testsuite hostname="PalakT-LAP" failures="0" tests="3" name="tests.LoginTest" time="14.378" errors="0" timestamp="2022-10-14T11:01:19 IST" skipped="0">
  <testcase classname="tests.LoginTest" name="CorrectUsernameTest" time="4.840"/>
  <system-out/>
  <testcase classname="tests.LoginTest" name="IncorrectUsernameTest" time="4.675"/>
  <system-out/>
  <testcase classname="tests.LoginTest" name="LockedUserTest" time="4.863"/>
  <system-out/>
</testsuite> <!-- tests.LoginTest -->
