<?xml version="1.0" encoding="UTF-8"?>
<!-- Generated by org.testng.reporters.JUnitReportReporter -->
<testsuite hostname="PalakT-LAP" failures="0" tests="1" name="tests.E2ETests" time="54.926" errors="0" timestamp="2022-09-28T10:46:48 IST" skipped="0">
  <testcase classname="tests.E2ETests" name="TC_001" time="54.926"/>
  <system-out/>
</testsuite> <!-- tests.E2ETests -->
