<?xml version="1.0" encoding="UTF-8"?>
<!-- Generated by org.testng.reporters.JUnitReportReporter -->
<testsuite hostname="PalakT-LAP" failures="0" tests="1" name="tests.CheckoutTest" time="21.332" errors="0" timestamp="2022-09-26T11:23:51 IST" skipped="0">
  <testcase classname="tests.CheckoutTest" name="Checkoutdetails" time="21.332"/>
  <system-out/>
</testsuite> <!-- tests.CheckoutTest -->
