<?xml version="1.0" encoding="UTF-8"?>
<!-- Generated by org.testng.reporters.JUnitReportReporter -->
<testsuite hostname="PalakT-LAP" failures="0" tests="4" name="demo.TestngChrome" time="122.941" errors="0" timestamp="2022-09-14T10:43:40 IST" skipped="0">
  <testcase classname="demo.TestngChrome" name="a_googleTest3" time="32.229"/>
  <system-out/>
  <testcase classname="demo.TestngChrome" name="b_googleTest2" time="29.377"/>
  <system-out/>
  <testcase classname="demo.TestngChrome" name="d_googleTest" time="30.953"/>
  <system-out/>
  <testcase classname="demo.TestngChrome" name="c_googleTest1" time="30.382"/>
  <system-out/>
</testsuite> <!-- demo.TestngChrome -->
