<?xml version="1.0" encoding="UTF-8"?>
<!-- Generated by org.testng.reporters.JUnitReportReporter -->
<testsuite hostname="PalakT-LAP" failures="0" tests="2" name="tests.HomeTest" time="13.455" errors="0" timestamp="2022-09-23T11:13:39 IST" skipped="0">
  <testcase classname="tests.HomeTest" name="addingProductTocart" time="8.293"/>
  <system-out/>
  <testcase classname="tests.HomeTest" name="verifyProduct" time="5.162"/>
  <system-out/>
</testsuite> <!-- tests.HomeTest -->
