<?xml version="1.0" encoding="UTF-8"?>
<!-- Generated by org.testng.reporters.JUnitReportReporter -->
<testsuite hostname="PalakT-LAP" failures="0" tests="1" name="tests.CheckoutCompleteTest" time="55.246" errors="0" timestamp="2022-09-27T10:45:56 IST" skipped="0">
  <testcase classname="tests.CheckoutCompleteTest" name="VerifyCheckoutOverview" time="55.246"/>
  <system-out/>
</testsuite> <!-- tests.CheckoutCompleteTest -->
