<?xml version="1.0" encoding="UTF-8"?>
<!-- Generated by org.testng.reporters.JUnitReportReporter -->
<testsuite hostname="PalakT-LAP" failures="0" tests="2" name="demo.TestingTestng" time="0.014" errors="0" timestamp="2022-09-15T10:15:17 IST" skipped="0">
  <testcase classname="demo.TestingTestng" name="TestOne" time="0.011"/>
  <system-out/>
  <testcase classname="demo.TestingTestng" name="test" time="0.003"/>
  <system-out/>
</testsuite> <!-- demo.TestingTestng -->
