<?xml version="1.0" encoding="UTF-8"?>
<!-- Generated by org.testng.reporters.JUnitReportReporter -->
<testsuite hostname="PalakT-LAP" failures="0" tests="1" name="tests.CheckoutOverviewTest" time="25.461" errors="0" timestamp="2022-09-27T10:20:34 IST" skipped="0">
  <testcase classname="tests.CheckoutOverviewTest" name="VerifyCheckoutOverview" time="25.461"/>
  <system-out/>
</testsuite> <!-- tests.CheckoutOverviewTest -->
