<?xml version="1.0" encoding="UTF-8"?>
<!-- Generated by org.testng.reporters.JUnitReportReporter -->
<testsuite hostname="PalakT-LAP" failures="0" tests="1" name="tests.CartTest" time="17.130" errors="0" timestamp="2022-09-26T10:56:42 IST" skipped="0">
  <testcase classname="tests.CartTest" name="verifycartproduct" time="17.130"/>
  <system-out/>
</testsuite> <!-- tests.CartTest -->
